<?xml version='1.0' encoding='UTF-8'?>
<result plugin="junit@1.19">
  <suites>
    <suite>
      <file>/var/jenkins_home/jobs/bio-id-integration/workspace/generatedJUnitFiles/xUnit.Net/TEST--392350149.xml</file>
      <name>(empty)</name>
      <duration>33.491</duration>
      <timestamp>2017-02-26T23:26:50</timestamp>
      <time>33.491</time>
      <cases>
        <case>
          <duration>0.0292226</duration>
          <className>Common.IntegrationTest.Caching.MemoryCacheProviderTests</className>
          <testName>Adding_item_to_cache_with_object_then_getting_should_be_ok</testName>
          <skipped>false</skipped>
          <failedSince>0</failedSince>
        </case>
        <case>
          <duration>2.003093</duration>
          <className>Common.IntegrationTest.Caching.MemoryCacheProviderTests</className>
          <testName>Adding_item_on_the_cache_and_querying_it_should_succeed</testName>
          <skipped>false</skipped>
          <failedSince>0</failedSince>
        </case>
        <case>
          <duration>2.0024073</duration>
          <className>Common.IntegrationTest.Caching.MemoryCacheProviderTests</className>
          <testName>Adding_item_on_the_cache_and_querying_all_keys_should_return_items</testName>
          <skipped>false</skipped>
          <failedSince>0</failedSince>
        </case>
        <case>
          <duration>2.0021505</duration>
          <className>Common.IntegrationTest.Caching.MemoryCacheProviderTests</className>
          <testName>Adding_item_to_cache_with_absolute_expiration_then_waiting_eviction_and_getting_should_return_null</testName>
          <skipped>false</skipped>
          <failedSince>0</failedSince>
        </case>
        <case>
          <duration>0.0016662</duration>
          <className>Common.IntegrationTest.Caching.MemoryCacheProviderTests</className>
          <testName>Removing_item_on_the_cache_and_getting_it_should_not_return_the_item</testName>
          <skipped>false</skipped>
          <failedSince>0</failedSince>
        </case>
        <case>
          <duration>4.0022955</duration>
          <className>Common.IntegrationTest.Caching.MemoryCacheProviderTests</className>
          <testName>Updating_item_on_the_cache_with_sliding_expiration_then_see_update_is_successful</testName>
          <skipped>false</skipped>
          <failedSince>0</failedSince>
        </case>
        <case>
          <duration>4.0010624</duration>
          <className>Common.IntegrationTest.Caching.MemoryCacheProviderTests</className>
          <testName>Updating_item_on_the_cache_with_absolute_expiration_then_see_update_is_successful</testName>
          <skipped>false</skipped>
          <failedSince>0</failedSince>
        </case>
        <case>
          <duration>7.064E-4</duration>
          <className>Common.IntegrationTest.Caching.MemoryCacheProviderTests</className>
          <testName>Adding_item_to_cache_with_absolute_expiration_then_getting_should_be_ok</testName>
          <skipped>false</skipped>
          <failedSince>0</failedSince>
        </case>
        <case>
          <duration>2.0036807</duration>
          <className>Common.IntegrationTest.Caching.MemoryCacheProviderTests</className>
          <testName>Adding_item_to_cache_with_sliding_expiration_then_waiting_eviction_and_getting_should_return_null</testName>
          <skipped>false</skipped>
          <failedSince>0</failedSince>
        </case>
        <case>
          <duration>6.364E-4</duration>
          <className>Common.IntegrationTest.Caching.MemoryCacheProviderTests</className>
          <testName>Adding_item_to_cache_with_sliding_expiration_then_getting_should_be_ok</testName>
          <skipped>false</skipped>
          <failedSince>0</failedSince>
        </case>
        <case>
          <duration>0.4921057</duration>
          <className>Common.IntegrationTest.Persistence.Repository.DapperRepositoryTests</className>
          <testName>Repository_started_one_after_another_should_use_independent_db_connections</testName>
          <skipped>false</skipped>
          <failedSince>0</failedSince>
        </case>
        <case>
          <duration>0.0243732</duration>
          <className>Common.IntegrationTest.Persistence.Repository.DapperRepositoryTests</className>
          <testName>Sequential_usage_of_repositories_with_dispose_should_play_nicely</testName>
          <skipped>false</skipped>
          <failedSince>0</failedSince>
        </case>
        <case>
          <duration>1.3804603</duration>
          <className>Common.IntegrationTest.Persistence.Repository.DapperRepositoryTests</className>
          <testName>Persisting_100_new_items_should_be_ok</testName>
          <skipped>false</skipped>
          <failedSince>0</failedSince>
        </case>
        <case>
          <duration>0.0051535</duration>
          <className>Common.IntegrationTest.Persistence.Repository.DapperRepositoryTests</className>
          <testName>Changes_should_not_be_reverted_in_case_of_failure_after_persistence</testName>
          <skipped>false</skipped>
          <failedSince>0</failedSince>
        </case>
        <case>
          <duration>0.0088773</duration>
          <className>Common.IntegrationTest.Persistence.Repository.DapperRepositoryTests</className>
          <testName>Persisting_new_item_inside_should_be_ok</testName>
          <skipped>false</skipped>
          <failedSince>0</failedSince>
        </case>
        <case>
          <duration>0.0116027</duration>
          <className>Common.IntegrationTest.Persistence.Repository.DapperRepositoryTests</className>
          <testName>Nested_repositories_should_play_nicely</testName>
          <skipped>false</skipped>
          <failedSince>0</failedSince>
        </case>
        <case>
          <duration>0.017055</duration>
          <className>Common.IntegrationTest.Persistence.Repository.DapperRepositoryTests</className>
          <testName>Sequential_usage_of_repositories_without_dispose_should_play_nicely</testName>
          <skipped>false</skipped>
          <failedSince>0</failedSince>
        </case>
        <case>
          <duration>1.4045206</duration>
          <className>Common.IntegrationTest.Persistence.Repository.NhRepositoryTests</className>
          <testName>Changes_should_not_be_reverted_in_case_of_failure_after_persistence</testName>
          <skipped>false</skipped>
          <failedSince>0</failedSince>
        </case>
        <case>
          <duration>1.5923752</duration>
          <className>Common.IntegrationTest.Persistence.Repository.NhRepositoryTests</className>
          <testName>Persisting_100_new_items_should_be_ok</testName>
          <skipped>false</skipped>
          <failedSince>0</failedSince>
        </case>
        <case>
          <duration>0.0350968</duration>
          <className>Common.IntegrationTest.Persistence.Repository.NhRepositoryTests</className>
          <testName>Sequential_usage_of_repositories_without_dispose_should_play_nicely</testName>
          <skipped>false</skipped>
          <failedSince>0</failedSince>
        </case>
        <case>
          <duration>0.0096901</duration>
          <className>Common.IntegrationTest.Persistence.Repository.NhRepositoryTests</className>
          <testName>Repository_started_one_after_another_should_use_independent_db_connections</testName>
          <skipped>false</skipped>
          <failedSince>0</failedSince>
        </case>
        <case>
          <duration>0.0339449</duration>
          <className>Common.IntegrationTest.Persistence.Repository.NhRepositoryTests</className>
          <testName>Sequential_usage_of_repositories_with_dispose_should_play_nicely</testName>
          <skipped>false</skipped>
          <failedSince>0</failedSince>
        </case>
        <case>
          <duration>0.0230315</duration>
          <className>Common.IntegrationTest.Persistence.Repository.NhRepositoryTests</className>
          <testName>Nested_repositories_should_play_nicely</testName>
          <skipped>false</skipped>
          <failedSince>0</failedSince>
        </case>
        <case>
          <duration>0.0131584</duration>
          <className>Common.IntegrationTest.Persistence.Repository.NhRepositoryTests</className>
          <testName>Persisting_new_item_inside_should_be_ok</testName>
          <skipped>false</skipped>
          <failedSince>0</failedSince>
        </case>
        <case>
          <duration>3.9533315</duration>
          <className>Common.IntegrationTest.Persistence.Repository.EfRepositoryTests</className>
          <testName>Persisting_100_new_items_should_be_ok</testName>
          <skipped>false</skipped>
          <failedSince>0</failedSince>
        </case>
        <case>
          <duration>0.0050142</duration>
          <className>Common.IntegrationTest.Persistence.Repository.EfRepositoryTests</className>
          <testName>Repository_started_one_after_another_should_use_independent_db_connections</testName>
          <skipped>false</skipped>
          <failedSince>0</failedSince>
        </case>
        <case>
          <duration>0.0409635</duration>
          <className>Common.IntegrationTest.Persistence.Repository.EfRepositoryTests</className>
          <testName>Nested_repositories_should_play_nicely</testName>
          <skipped>false</skipped>
          <failedSince>0</failedSince>
        </case>
        <case>
          <duration>0.0301836</duration>
          <className>Common.IntegrationTest.Persistence.Repository.EfRepositoryTests</className>
          <testName>Sequential_usage_of_repositories_with_dispose_should_play_nicely</testName>
          <skipped>false</skipped>
          <failedSince>0</failedSince>
        </case>
        <case>
          <duration>0.0262563</duration>
          <className>Common.IntegrationTest.Persistence.Repository.EfRepositoryTests</className>
          <testName>Sequential_usage_of_repositories_without_dispose_should_play_nicely</testName>
          <skipped>false</skipped>
          <failedSince>0</failedSince>
        </case>
        <case>
          <duration>0.0078089</duration>
          <className>Common.IntegrationTest.Persistence.Repository.EfRepositoryTests</className>
          <testName>Persisting_new_item_inside_should_be_ok</testName>
          <skipped>false</skipped>
          <failedSince>0</failedSince>
        </case>
        <case>
          <duration>0.0130247</duration>
          <className>Common.IntegrationTest.Persistence.Repository.EfRepositoryTests</className>
          <testName>Changes_should_not_be_reverted_in_case_of_failure_after_persistence</testName>
          <skipped>false</skipped>
          <failedSince>0</failedSince>
        </case>
        <case>
          <duration>0.4569778</duration>
          <className>Common.IntegrationTest.Persistence.UnitOfWork.DapperUnitOfWorkTests</className>
          <testName>Committing_early_in_nested_unit_of_works_should_produce_invalid_operation_exception</testName>
          <skipped>false</skipped>
          <failedSince>0</failedSince>
        </case>
        <case>
          <duration>0.0133554</duration>
          <className>Common.IntegrationTest.Persistence.UnitOfWork.DapperUnitOfWorkTests</className>
          <testName>Unit_of_work_should_revert_changes_in_case_of_persistence_failure</testName>
          <skipped>false</skipped>
          <failedSince>0</failedSince>
        </case>
        <case>
          <duration>0.0321448</duration>
          <className>Common.IntegrationTest.Persistence.UnitOfWork.DapperUnitOfWorkTests</className>
          <testName>Nested_unit_of_works_should_play_nicely</testName>
          <skipped>false</skipped>
          <failedSince>0</failedSince>
        </case>
        <case>
          <duration>0.0062359</duration>
          <className>Common.IntegrationTest.Persistence.UnitOfWork.DapperUnitOfWorkTests</className>
          <testName>Intermediary_reads_within_unit_of_work_should_return_not_committed_data</testName>
          <skipped>false</skipped>
          <failedSince>0</failedSince>
        </case>
        <case>
          <duration>0.0230772</duration>
          <className>Common.IntegrationTest.Persistence.UnitOfWork.DapperUnitOfWorkTests</className>
          <testName>Sequential_unit_of_works_should_play_nicely</testName>
          <skipped>false</skipped>
          <failedSince>0</failedSince>
        </case>
        <case>
          <duration>1.2642624</duration>
          <className>Common.IntegrationTest.Persistence.UnitOfWork.DapperUnitOfWorkTests</className>
          <testName>Persisting_100_new_items_should_be_ok</testName>
          <skipped>false</skipped>
          <failedSince>0</failedSince>
        </case>
        <case>
          <duration>0.0024832</duration>
          <className>Common.IntegrationTest.Persistence.UnitOfWork.DapperUnitOfWorkTests</className>
          <testName>Forgetting_to_commit_inside_unit_of_work_should_roll_changes_back</testName>
          <skipped>false</skipped>
          <failedSince>0</failedSince>
        </case>
        <case>
          <duration>0.4182086</duration>
          <className>Common.IntegrationTest.Persistence.UnitOfWork.DapperUnitOfWorkTests</className>
          <testName>Read_committed_isolation_level_should_be_honored</testName>
          <skipped>false</skipped>
          <failedSince>0</failedSince>
        </case>
        <case>
          <duration>0.0177592</duration>
          <className>Common.IntegrationTest.Persistence.UnitOfWork.DapperUnitOfWorkTests</className>
          <testName>Failure_at_the_end_of_two_persistence_session_in_unit_of_work_should_revert_first</testName>
          <skipped>false</skipped>
          <failedSince>0</failedSince>
        </case>
        <case>
          <duration>0.0118398</duration>
          <className>Common.IntegrationTest.Persistence.UnitOfWork.DapperUnitOfWorkTests</className>
          <testName>Explicitly_rolling_back_inside_unit_of_work_should_roll_changes_back</testName>
          <skipped>false</skipped>
          <failedSince>0</failedSince>
        </case>
        <case>
          <duration>0.0064868</duration>
          <className>Common.IntegrationTest.Persistence.UnitOfWork.DapperUnitOfWorkTests</className>
          <testName>Read_uncommitted_isolation_level_should_be_honored</testName>
          <skipped>false</skipped>
          <failedSince>0</failedSince>
        </case>
        <case>
          <duration>7.825E-4</duration>
          <className>Common.IntegrationTest.Persistence.UnitOfWork.DapperUnitOfWorkTests</className>
          <testName>Creating_a_unit_of_work_without_a_repository_included_should_produce_invalid_operation_exception</testName>
          <skipped>false</skipped>
          <failedSince>0</failedSince>
        </case>
        <case>
          <duration>0.0031332</duration>
          <className>Common.IntegrationTest.Persistence.UnitOfWork.DapperUnitOfWorkTests</className>
          <testName>Persisting_new_item_inside_unit_of_work_should_be_ok</testName>
          <skipped>false</skipped>
          <failedSince>0</failedSince>
        </case>
        <case>
          <duration>0.0029957</duration>
          <className>Common.IntegrationTest.Persistence.UnitOfWork.DapperUnitOfWorkTests</className>
          <testName>Repository_started_before_unit_of_work_should_use_an_independent_db_connection</testName>
          <skipped>false</skipped>
          <failedSince>0</failedSince>
        </case>
        <case>
          <duration>0.3390418</duration>
          <className>Common.IntegrationTest.Persistence.UnitOfWork.EfUnitOfWorkTests</className>
          <testName>Sequential_unit_of_works_should_play_nicely</testName>
          <skipped>false</skipped>
          <failedSince>0</failedSince>
        </case>
        <case>
          <duration>0.0203591</duration>
          <className>Common.IntegrationTest.Persistence.UnitOfWork.EfUnitOfWorkTests</className>
          <testName>Read_uncommitted_isolation_level_should_be_honored</testName>
          <skipped>false</skipped>
          <failedSince>0</failedSince>
        </case>
        <case>
          <duration>0.0055504</duration>
          <className>Common.IntegrationTest.Persistence.UnitOfWork.EfUnitOfWorkTests</className>
          <testName>Persisting_new_item_inside_unit_of_work_should_be_ok</testName>
          <skipped>false</skipped>
          <failedSince>0</failedSince>
        </case>
        <case>
          <duration>0.0122611</duration>
          <className>Common.IntegrationTest.Persistence.UnitOfWork.EfUnitOfWorkTests</className>
          <testName>Explicitly_rolling_back_inside_unit_of_work_should_roll_changes_back</testName>
          <skipped>false</skipped>
          <failedSince>0</failedSince>
        </case>
        <case>
          <duration>0.0295466</duration>
          <className>Common.IntegrationTest.Persistence.UnitOfWork.EfUnitOfWorkTests</className>
          <testName>Failure_at_the_end_of_two_persistence_session_in_unit_of_work_should_revert_first</testName>
          <skipped>false</skipped>
          <failedSince>0</failedSince>
        </case>
        <case>
          <duration>0.0054275</duration>
          <className>Common.IntegrationTest.Persistence.UnitOfWork.EfUnitOfWorkTests</className>
          <testName>Forgetting_to_commit_inside_unit_of_work_should_roll_changes_back</testName>
          <skipped>false</skipped>
          <failedSince>0</failedSince>
        </case>
        <case>
          <duration>0.0053526</duration>
          <className>Common.IntegrationTest.Persistence.UnitOfWork.EfUnitOfWorkTests</className>
          <testName>Committing_early_in_nested_unit_of_works_should_produce_invalid_operation_exception</testName>
          <skipped>false</skipped>
          <failedSince>0</failedSince>
        </case>
        <case>
          <duration>0.0165927</duration>
          <className>Common.IntegrationTest.Persistence.UnitOfWork.EfUnitOfWorkTests</className>
          <testName>Read_committed_isolation_level_should_be_honored</testName>
          <skipped>false</skipped>
          <failedSince>0</failedSince>
        </case>
        <case>
          <duration>1.5397702</duration>
          <className>Common.IntegrationTest.Persistence.UnitOfWork.EfUnitOfWorkTests</className>
          <testName>Persisting_100_new_items_should_be_ok</testName>
          <skipped>false</skipped>
          <failedSince>0</failedSince>
        </case>
        <case>
          <duration>0.0218991</duration>
          <className>Common.IntegrationTest.Persistence.UnitOfWork.EfUnitOfWorkTests</className>
          <testName>Intermediary_reads_within_unit_of_work_should_return_not_committed_data</testName>
          <skipped>false</skipped>
          <failedSince>0</failedSince>
        </case>
        <case>
          <duration>0.0078647</duration>
          <className>Common.IntegrationTest.Persistence.UnitOfWork.EfUnitOfWorkTests</className>
          <testName>Repository_started_before_unit_of_work_should_use_an_independent_db_connection</testName>
          <skipped>false</skipped>
          <failedSince>0</failedSince>
        </case>
        <case>
          <duration>0.0062831</duration>
          <className>Common.IntegrationTest.Persistence.UnitOfWork.EfUnitOfWorkTests</className>
          <testName>Nested_unit_of_works_should_play_nicely</testName>
          <skipped>false</skipped>
          <failedSince>0</failedSince>
        </case>
        <case>
          <duration>0.014285</duration>
          <className>Common.IntegrationTest.Persistence.UnitOfWork.EfUnitOfWorkTests</className>
          <testName>Unit_of_work_should_revert_changes_in_case_of_persistence_failure</testName>
          <skipped>false</skipped>
          <failedSince>0</failedSince>
        </case>
        <case>
          <duration>8.064E-4</duration>
          <className>Common.IntegrationTest.Persistence.UnitOfWork.EfUnitOfWorkTests</className>
          <testName>Creating_a_unit_of_work_without_a_repository_included_should_produce_invalid_operation_exception</testName>
          <skipped>false</skipped>
          <failedSince>0</failedSince>
        </case>
        <case>
          <duration>0.3638132</duration>
          <className>Common.IntegrationTest.Persistence.UnitOfWork.NhUnitOfWorkTests</className>
          <testName>Explicitly_rolling_back_inside_unit_of_work_should_roll_changes_back</testName>
          <skipped>false</skipped>
          <failedSince>0</failedSince>
        </case>
        <case>
          <duration>0.0370899</duration>
          <className>Common.IntegrationTest.Persistence.UnitOfWork.NhUnitOfWorkTests</className>
          <testName>Sequential_unit_of_works_should_play_nicely</testName>
          <skipped>false</skipped>
          <failedSince>0</failedSince>
        </case>
        <case>
          <duration>0.0218792</duration>
          <className>Common.IntegrationTest.Persistence.UnitOfWork.NhUnitOfWorkTests</className>
          <testName>Unit_of_work_should_revert_changes_in_case_of_persistence_failure</testName>
          <skipped>false</skipped>
          <failedSince>0</failedSince>
        </case>
        <case>
          <duration>0.0201597</duration>
          <className>Common.IntegrationTest.Persistence.UnitOfWork.NhUnitOfWorkTests</className>
          <testName>Nested_unit_of_works_should_play_nicely</testName>
          <skipped>false</skipped>
          <failedSince>0</failedSince>
        </case>
        <case>
          <duration>0.0281701</duration>
          <className>Common.IntegrationTest.Persistence.UnitOfWork.NhUnitOfWorkTests</className>
          <testName>Failure_at_the_end_of_two_persistence_session_in_unit_of_work_should_revert_first</testName>
          <skipped>false</skipped>
          <failedSince>0</failedSince>
        </case>
        <case>
          <duration>0.0158906</duration>
          <className>Common.IntegrationTest.Persistence.UnitOfWork.NhUnitOfWorkTests</className>
          <testName>Intermediary_reads_within_unit_of_work_should_return_not_committed_data</testName>
          <skipped>false</skipped>
          <failedSince>0</failedSince>
        </case>
        <case>
          <duration>2.3841767</duration>
          <className>Common.IntegrationTest.Persistence.UnitOfWork.NhUnitOfWorkTests</className>
          <testName>Persisting_100_new_items_should_be_ok</testName>
          <skipped>false</skipped>
          <failedSince>0</failedSince>
        </case>
        <case>
          <duration>0.0055415</duration>
          <className>Common.IntegrationTest.Persistence.UnitOfWork.NhUnitOfWorkTests</className>
          <testName>Repository_started_before_unit_of_work_should_use_an_independent_db_connection</testName>
          <skipped>false</skipped>
          <failedSince>0</failedSince>
        </case>
        <case>
          <duration>0.0207359</duration>
          <className>Common.IntegrationTest.Persistence.UnitOfWork.NhUnitOfWorkTests</className>
          <testName>Read_committed_isolation_level_should_be_honored</testName>
          <skipped>false</skipped>
          <failedSince>0</failedSince>
        </case>
        <case>
          <duration>0.008122</duration>
          <className>Common.IntegrationTest.Persistence.UnitOfWork.NhUnitOfWorkTests</className>
          <testName>Committing_early_in_nested_unit_of_works_should_produce_invalid_operation_exception</testName>
          <skipped>false</skipped>
          <failedSince>0</failedSince>
        </case>
        <case>
          <duration>0.0197288</duration>
          <className>Common.IntegrationTest.Persistence.UnitOfWork.NhUnitOfWorkTests</className>
          <testName>Read_uncommitted_isolation_level_should_be_honored</testName>
          <skipped>false</skipped>
          <failedSince>0</failedSince>
        </case>
        <case>
          <duration>0.0259527</duration>
          <className>Common.IntegrationTest.Persistence.UnitOfWork.NhUnitOfWorkTests</className>
          <testName>Persisting_new_item_inside_unit_of_work_should_be_ok</testName>
          <skipped>false</skipped>
          <failedSince>0</failedSince>
        </case>
        <case>
          <duration>7.768E-4</duration>
          <className>Common.IntegrationTest.Persistence.UnitOfWork.NhUnitOfWorkTests</className>
          <testName>Creating_a_unit_of_work_without_a_repository_included_should_produce_invalid_operation_exception</testName>
          <skipped>false</skipped>
          <failedSince>0</failedSince>
        </case>
        <case>
          <duration>0.0071376</duration>
          <className>Common.IntegrationTest.Persistence.UnitOfWork.NhUnitOfWorkTests</className>
          <testName>Forgetting_to_commit_inside_unit_of_work_should_roll_changes_back</testName>
          <skipped>false</skipped>
          <failedSince>0</failedSince>
        </case>
        <case>
          <duration>3.2055988</duration>
          <className>Common.IntegrationTest.Persistence.Kafka.KafkaTest</className>
          <testName>Produce_a_message_and_consume_this_message_succesfully</testName>
          <skipped>false</skipped>
          <failedSince>0</failedSince>
        </case>
        <case>
          <duration>5.1350923</duration>
          <className>Common.IntegrationTest.Persistence.Kafka.KafkaTest</className>
          <testName>Produce_two_messages_and_consume_those_messages_succesfully</testName>
          <skipped>false</skipped>
          <failedSince>0</failedSince>
        </case>
        <case>
          <duration>0.9287486</duration>
          <className>Common.IntegrationTest.Container.ContainerTests</className>
          <testName>Creating_a_unit_of_work_with_resolve_component_should_produce_invalid_operation_exception</testName>
          <skipped>false</skipped>
          <failedSince>0</failedSince>
        </case>
        <case>
          <duration>3.946E-4</duration>
          <className>Common.IntegrationTest.Container.ContainerTests</className>
          <testName>Creating_a_persistence_session_with_resolve_transient_should_produce_invalid_operation_exception</testName>
          <skipped>false</skipped>
          <failedSince>0</failedSince>
        </case>
      </cases>
    </suite>
  </suites>
  <duration>33.491</duration>
  <keepLongStdio>true</keepLongStdio>
</result>