<?xml version='1.0' encoding='UTF-8'?>
<result plugin="junit@1.19">
  <suites>
    <suite>
      <file>/var/jenkins_home/jobs/bio-id-integration/workspace/generatedJUnitFiles/xUnit.Net/TEST--392350149.xml</file>
      <name>(empty)</name>
      <duration>31.742</duration>
      <timestamp>2017-02-26T23:00:39</timestamp>
      <time>31.742</time>
      <cases>
        <case>
          <duration>0.6987699</duration>
          <className>Common.IntegrationTest.Container.ContainerTests</className>
          <testName>Creating_a_unit_of_work_with_resolve_component_should_produce_invalid_operation_exception</testName>
          <skipped>false</skipped>
          <failedSince>0</failedSince>
        </case>
        <case>
          <duration>3.335E-4</duration>
          <className>Common.IntegrationTest.Container.ContainerTests</className>
          <testName>Creating_a_persistence_session_with_resolve_transient_should_produce_invalid_operation_exception</testName>
          <skipped>false</skipped>
          <failedSince>0</failedSince>
        </case>
        <case>
          <duration>0.1089848</duration>
          <className>Common.IntegrationTest.Caching.MemoryCacheProviderTests</className>
          <testName>Adding_item_to_cache_with_object_then_getting_should_be_ok</testName>
          <skipped>false</skipped>
          <failedSince>0</failedSince>
        </case>
        <case>
          <duration>2.006222</duration>
          <className>Common.IntegrationTest.Caching.MemoryCacheProviderTests</className>
          <testName>Adding_item_on_the_cache_and_querying_it_should_succeed</testName>
          <skipped>false</skipped>
          <failedSince>0</failedSince>
        </case>
        <case>
          <duration>2.002581</duration>
          <className>Common.IntegrationTest.Caching.MemoryCacheProviderTests</className>
          <testName>Adding_item_on_the_cache_and_querying_all_keys_should_return_items</testName>
          <skipped>false</skipped>
          <failedSince>0</failedSince>
        </case>
        <case>
          <duration>2.0017207</duration>
          <className>Common.IntegrationTest.Caching.MemoryCacheProviderTests</className>
          <testName>Adding_item_to_cache_with_absolute_expiration_then_waiting_eviction_and_getting_should_return_null</testName>
          <skipped>false</skipped>
          <failedSince>0</failedSince>
        </case>
        <case>
          <duration>7.539E-4</duration>
          <className>Common.IntegrationTest.Caching.MemoryCacheProviderTests</className>
          <testName>Removing_item_on_the_cache_and_getting_it_should_not_return_the_item</testName>
          <skipped>false</skipped>
          <failedSince>0</failedSince>
        </case>
        <case>
          <duration>4.0034037</duration>
          <className>Common.IntegrationTest.Caching.MemoryCacheProviderTests</className>
          <testName>Updating_item_on_the_cache_with_sliding_expiration_then_see_update_is_successful</testName>
          <skipped>false</skipped>
          <failedSince>0</failedSince>
        </case>
        <case>
          <duration>4.0047326</duration>
          <className>Common.IntegrationTest.Caching.MemoryCacheProviderTests</className>
          <testName>Updating_item_on_the_cache_with_absolute_expiration_then_see_update_is_successful</testName>
          <skipped>false</skipped>
          <failedSince>0</failedSince>
        </case>
        <case>
          <duration>6.944E-4</duration>
          <className>Common.IntegrationTest.Caching.MemoryCacheProviderTests</className>
          <testName>Adding_item_to_cache_with_absolute_expiration_then_getting_should_be_ok</testName>
          <skipped>false</skipped>
          <failedSince>0</failedSince>
        </case>
        <case>
          <duration>2.0007906</duration>
          <className>Common.IntegrationTest.Caching.MemoryCacheProviderTests</className>
          <testName>Adding_item_to_cache_with_sliding_expiration_then_waiting_eviction_and_getting_should_return_null</testName>
          <skipped>false</skipped>
          <failedSince>0</failedSince>
        </case>
        <case>
          <duration>0.0016872</duration>
          <className>Common.IntegrationTest.Caching.MemoryCacheProviderTests</className>
          <testName>Adding_item_to_cache_with_sliding_expiration_then_getting_should_be_ok</testName>
          <skipped>false</skipped>
          <failedSince>0</failedSince>
        </case>
        <case>
          <duration>0.4474414</duration>
          <className>Common.IntegrationTest.Persistence.Repository.DapperRepositoryTests</className>
          <testName>Repository_started_one_after_another_should_use_independent_db_connections</testName>
          <skipped>false</skipped>
          <failedSince>0</failedSince>
        </case>
        <case>
          <duration>0.0391557</duration>
          <className>Common.IntegrationTest.Persistence.Repository.DapperRepositoryTests</className>
          <testName>Sequential_usage_of_repositories_with_dispose_should_play_nicely</testName>
          <skipped>false</skipped>
          <failedSince>0</failedSince>
        </case>
        <case>
          <duration>1.3109199</duration>
          <className>Common.IntegrationTest.Persistence.Repository.DapperRepositoryTests</className>
          <testName>Persisting_100_new_items_should_be_ok</testName>
          <skipped>false</skipped>
          <failedSince>0</failedSince>
        </case>
        <case>
          <duration>0.010795</duration>
          <className>Common.IntegrationTest.Persistence.Repository.DapperRepositoryTests</className>
          <testName>Changes_should_not_be_reverted_in_case_of_failure_after_persistence</testName>
          <skipped>false</skipped>
          <failedSince>0</failedSince>
        </case>
        <case>
          <duration>0.0033396</duration>
          <className>Common.IntegrationTest.Persistence.Repository.DapperRepositoryTests</className>
          <testName>Persisting_new_item_inside_should_be_ok</testName>
          <skipped>false</skipped>
          <failedSince>0</failedSince>
        </case>
        <case>
          <duration>0.0096762</duration>
          <className>Common.IntegrationTest.Persistence.Repository.DapperRepositoryTests</className>
          <testName>Nested_repositories_should_play_nicely</testName>
          <skipped>false</skipped>
          <failedSince>0</failedSince>
        </case>
        <case>
          <duration>0.0164188</duration>
          <className>Common.IntegrationTest.Persistence.Repository.DapperRepositoryTests</className>
          <testName>Sequential_usage_of_repositories_without_dispose_should_play_nicely</testName>
          <skipped>false</skipped>
          <failedSince>0</failedSince>
        </case>
        <case>
          <duration>1.1575699</duration>
          <className>Common.IntegrationTest.Persistence.Repository.NhRepositoryTests</className>
          <testName>Changes_should_not_be_reverted_in_case_of_failure_after_persistence</testName>
          <skipped>false</skipped>
          <failedSince>0</failedSince>
        </case>
        <case>
          <duration>1.6288549</duration>
          <className>Common.IntegrationTest.Persistence.Repository.NhRepositoryTests</className>
          <testName>Persisting_100_new_items_should_be_ok</testName>
          <skipped>false</skipped>
          <failedSince>0</failedSince>
        </case>
        <case>
          <duration>0.0451272</duration>
          <className>Common.IntegrationTest.Persistence.Repository.NhRepositoryTests</className>
          <testName>Sequential_usage_of_repositories_without_dispose_should_play_nicely</testName>
          <skipped>false</skipped>
          <failedSince>0</failedSince>
        </case>
        <case>
          <duration>0.0050444</duration>
          <className>Common.IntegrationTest.Persistence.Repository.NhRepositoryTests</className>
          <testName>Repository_started_one_after_another_should_use_independent_db_connections</testName>
          <skipped>false</skipped>
          <failedSince>0</failedSince>
        </case>
        <case>
          <duration>0.0268924</duration>
          <className>Common.IntegrationTest.Persistence.Repository.NhRepositoryTests</className>
          <testName>Sequential_usage_of_repositories_with_dispose_should_play_nicely</testName>
          <skipped>false</skipped>
          <failedSince>0</failedSince>
        </case>
        <case>
          <duration>0.0177477</duration>
          <className>Common.IntegrationTest.Persistence.Repository.NhRepositoryTests</className>
          <testName>Nested_repositories_should_play_nicely</testName>
          <skipped>false</skipped>
          <failedSince>0</failedSince>
        </case>
        <case>
          <duration>0.0152202</duration>
          <className>Common.IntegrationTest.Persistence.Repository.NhRepositoryTests</className>
          <testName>Persisting_new_item_inside_should_be_ok</testName>
          <skipped>false</skipped>
          <failedSince>0</failedSince>
        </case>
        <case>
          <duration>3.6397212</duration>
          <className>Common.IntegrationTest.Persistence.Repository.EfRepositoryTests</className>
          <testName>Persisting_100_new_items_should_be_ok</testName>
          <skipped>false</skipped>
          <failedSince>0</failedSince>
        </case>
        <case>
          <duration>0.0061833</duration>
          <className>Common.IntegrationTest.Persistence.Repository.EfRepositoryTests</className>
          <testName>Repository_started_one_after_another_should_use_independent_db_connections</testName>
          <skipped>false</skipped>
          <failedSince>0</failedSince>
        </case>
        <case>
          <duration>0.0353985</duration>
          <className>Common.IntegrationTest.Persistence.Repository.EfRepositoryTests</className>
          <testName>Nested_repositories_should_play_nicely</testName>
          <skipped>false</skipped>
          <failedSince>0</failedSince>
        </case>
        <case>
          <duration>0.032081</duration>
          <className>Common.IntegrationTest.Persistence.Repository.EfRepositoryTests</className>
          <testName>Sequential_usage_of_repositories_with_dispose_should_play_nicely</testName>
          <skipped>false</skipped>
          <failedSince>0</failedSince>
        </case>
        <case>
          <duration>0.0274927</duration>
          <className>Common.IntegrationTest.Persistence.Repository.EfRepositoryTests</className>
          <testName>Sequential_usage_of_repositories_without_dispose_should_play_nicely</testName>
          <skipped>false</skipped>
          <failedSince>0</failedSince>
        </case>
        <case>
          <duration>0.0064683</duration>
          <className>Common.IntegrationTest.Persistence.Repository.EfRepositoryTests</className>
          <testName>Persisting_new_item_inside_should_be_ok</testName>
          <skipped>false</skipped>
          <failedSince>0</failedSince>
        </case>
        <case>
          <duration>0.0153764</duration>
          <className>Common.IntegrationTest.Persistence.Repository.EfRepositoryTests</className>
          <testName>Changes_should_not_be_reverted_in_case_of_failure_after_persistence</testName>
          <skipped>false</skipped>
          <failedSince>0</failedSince>
        </case>
        <case>
          <duration>0.2521124</duration>
          <className>Common.IntegrationTest.Persistence.UnitOfWork.DapperUnitOfWorkTests</className>
          <testName>Committing_early_in_nested_unit_of_works_should_produce_invalid_operation_exception</testName>
          <skipped>false</skipped>
          <failedSince>0</failedSince>
        </case>
        <case>
          <duration>0.0046561</duration>
          <className>Common.IntegrationTest.Persistence.UnitOfWork.DapperUnitOfWorkTests</className>
          <testName>Unit_of_work_should_revert_changes_in_case_of_persistence_failure</testName>
          <skipped>false</skipped>
          <failedSince>0</failedSince>
        </case>
        <case>
          <duration>0.0117932</duration>
          <className>Common.IntegrationTest.Persistence.UnitOfWork.DapperUnitOfWorkTests</className>
          <testName>Nested_unit_of_works_should_play_nicely</testName>
          <skipped>false</skipped>
          <failedSince>0</failedSince>
        </case>
        <case>
          <duration>0.0096443</duration>
          <className>Common.IntegrationTest.Persistence.UnitOfWork.DapperUnitOfWorkTests</className>
          <testName>Intermediary_reads_within_unit_of_work_should_return_not_committed_data</testName>
          <skipped>false</skipped>
          <failedSince>0</failedSince>
        </case>
        <case>
          <duration>0.0219921</duration>
          <className>Common.IntegrationTest.Persistence.UnitOfWork.DapperUnitOfWorkTests</className>
          <testName>Sequential_unit_of_works_should_play_nicely</testName>
          <skipped>false</skipped>
          <failedSince>0</failedSince>
        </case>
        <case>
          <duration>1.2418376</duration>
          <className>Common.IntegrationTest.Persistence.UnitOfWork.DapperUnitOfWorkTests</className>
          <testName>Persisting_100_new_items_should_be_ok</testName>
          <skipped>false</skipped>
          <failedSince>0</failedSince>
        </case>
        <case>
          <duration>0.0120113</duration>
          <className>Common.IntegrationTest.Persistence.UnitOfWork.DapperUnitOfWorkTests</className>
          <testName>Forgetting_to_commit_inside_unit_of_work_should_roll_changes_back</testName>
          <skipped>false</skipped>
          <failedSince>0</failedSince>
        </case>
        <case>
          <duration>0.4071849</duration>
          <className>Common.IntegrationTest.Persistence.UnitOfWork.DapperUnitOfWorkTests</className>
          <testName>Read_committed_isolation_level_should_be_honored</testName>
          <skipped>false</skipped>
          <failedSince>0</failedSince>
        </case>
        <case>
          <duration>0.0276633</duration>
          <className>Common.IntegrationTest.Persistence.UnitOfWork.DapperUnitOfWorkTests</className>
          <testName>Failure_at_the_end_of_two_persistence_session_in_unit_of_work_should_revert_first</testName>
          <skipped>false</skipped>
          <failedSince>0</failedSince>
        </case>
        <case>
          <duration>0.0029013</duration>
          <className>Common.IntegrationTest.Persistence.UnitOfWork.DapperUnitOfWorkTests</className>
          <testName>Explicitly_rolling_back_inside_unit_of_work_should_roll_changes_back</testName>
          <skipped>false</skipped>
          <failedSince>0</failedSince>
        </case>
        <case>
          <duration>0.005232</duration>
          <className>Common.IntegrationTest.Persistence.UnitOfWork.DapperUnitOfWorkTests</className>
          <testName>Read_uncommitted_isolation_level_should_be_honored</testName>
          <skipped>false</skipped>
          <failedSince>0</failedSince>
        </case>
        <case>
          <duration>5.82E-4</duration>
          <className>Common.IntegrationTest.Persistence.UnitOfWork.DapperUnitOfWorkTests</className>
          <testName>Creating_a_unit_of_work_without_a_repository_included_should_produce_invalid_operation_exception</testName>
          <skipped>false</skipped>
          <failedSince>0</failedSince>
        </case>
        <case>
          <duration>0.0039483</duration>
          <className>Common.IntegrationTest.Persistence.UnitOfWork.DapperUnitOfWorkTests</className>
          <testName>Persisting_new_item_inside_unit_of_work_should_be_ok</testName>
          <skipped>false</skipped>
          <failedSince>0</failedSince>
        </case>
        <case>
          <duration>0.0036166</duration>
          <className>Common.IntegrationTest.Persistence.UnitOfWork.DapperUnitOfWorkTests</className>
          <testName>Repository_started_before_unit_of_work_should_use_an_independent_db_connection</testName>
          <skipped>false</skipped>
          <failedSince>0</failedSince>
        </case>
        <case>
          <duration>0.3005534</duration>
          <className>Common.IntegrationTest.Persistence.UnitOfWork.EfUnitOfWorkTests</className>
          <testName>Sequential_unit_of_works_should_play_nicely</testName>
          <skipped>false</skipped>
          <failedSince>0</failedSince>
        </case>
        <case>
          <duration>0.0193322</duration>
          <className>Common.IntegrationTest.Persistence.UnitOfWork.EfUnitOfWorkTests</className>
          <testName>Read_uncommitted_isolation_level_should_be_honored</testName>
          <skipped>false</skipped>
          <failedSince>0</failedSince>
        </case>
        <case>
          <duration>0.0044834</duration>
          <className>Common.IntegrationTest.Persistence.UnitOfWork.EfUnitOfWorkTests</className>
          <testName>Persisting_new_item_inside_unit_of_work_should_be_ok</testName>
          <skipped>false</skipped>
          <failedSince>0</failedSince>
        </case>
        <case>
          <duration>0.0062165</duration>
          <className>Common.IntegrationTest.Persistence.UnitOfWork.EfUnitOfWorkTests</className>
          <testName>Explicitly_rolling_back_inside_unit_of_work_should_roll_changes_back</testName>
          <skipped>false</skipped>
          <failedSince>0</failedSince>
        </case>
        <case>
          <duration>0.0243636</duration>
          <className>Common.IntegrationTest.Persistence.UnitOfWork.EfUnitOfWorkTests</className>
          <testName>Failure_at_the_end_of_two_persistence_session_in_unit_of_work_should_revert_first</testName>
          <skipped>false</skipped>
          <failedSince>0</failedSince>
        </case>
        <case>
          <duration>0.0055007</duration>
          <className>Common.IntegrationTest.Persistence.UnitOfWork.EfUnitOfWorkTests</className>
          <testName>Forgetting_to_commit_inside_unit_of_work_should_roll_changes_back</testName>
          <skipped>false</skipped>
          <failedSince>0</failedSince>
        </case>
        <case>
          <duration>0.0133129</duration>
          <className>Common.IntegrationTest.Persistence.UnitOfWork.EfUnitOfWorkTests</className>
          <testName>Committing_early_in_nested_unit_of_works_should_produce_invalid_operation_exception</testName>
          <skipped>false</skipped>
          <failedSince>0</failedSince>
        </case>
        <case>
          <duration>0.0095851</duration>
          <className>Common.IntegrationTest.Persistence.UnitOfWork.EfUnitOfWorkTests</className>
          <testName>Read_committed_isolation_level_should_be_honored</testName>
          <skipped>false</skipped>
          <failedSince>0</failedSince>
        </case>
        <case>
          <duration>1.5229048</duration>
          <className>Common.IntegrationTest.Persistence.UnitOfWork.EfUnitOfWorkTests</className>
          <testName>Persisting_100_new_items_should_be_ok</testName>
          <skipped>false</skipped>
          <failedSince>0</failedSince>
        </case>
        <case>
          <duration>0.0057415</duration>
          <className>Common.IntegrationTest.Persistence.UnitOfWork.EfUnitOfWorkTests</className>
          <testName>Intermediary_reads_within_unit_of_work_should_return_not_committed_data</testName>
          <skipped>false</skipped>
          <failedSince>0</failedSince>
        </case>
        <case>
          <duration>0.0235592</duration>
          <className>Common.IntegrationTest.Persistence.UnitOfWork.EfUnitOfWorkTests</className>
          <testName>Repository_started_before_unit_of_work_should_use_an_independent_db_connection</testName>
          <skipped>false</skipped>
          <failedSince>0</failedSince>
        </case>
        <case>
          <duration>0.0093173</duration>
          <className>Common.IntegrationTest.Persistence.UnitOfWork.EfUnitOfWorkTests</className>
          <testName>Nested_unit_of_works_should_play_nicely</testName>
          <skipped>false</skipped>
          <failedSince>0</failedSince>
        </case>
        <case>
          <duration>0.0188847</duration>
          <className>Common.IntegrationTest.Persistence.UnitOfWork.EfUnitOfWorkTests</className>
          <testName>Unit_of_work_should_revert_changes_in_case_of_persistence_failure</testName>
          <skipped>false</skipped>
          <failedSince>0</failedSince>
        </case>
        <case>
          <duration>0.0013282</duration>
          <className>Common.IntegrationTest.Persistence.UnitOfWork.EfUnitOfWorkTests</className>
          <testName>Creating_a_unit_of_work_without_a_repository_included_should_produce_invalid_operation_exception</testName>
          <skipped>false</skipped>
          <failedSince>0</failedSince>
        </case>
        <case>
          <duration>0.3795361</duration>
          <className>Common.IntegrationTest.Persistence.UnitOfWork.NhUnitOfWorkTests</className>
          <testName>Explicitly_rolling_back_inside_unit_of_work_should_roll_changes_back</testName>
          <skipped>false</skipped>
          <failedSince>0</failedSince>
        </case>
        <case>
          <duration>0.0765701</duration>
          <className>Common.IntegrationTest.Persistence.UnitOfWork.NhUnitOfWorkTests</className>
          <testName>Sequential_unit_of_works_should_play_nicely</testName>
          <skipped>false</skipped>
          <failedSince>0</failedSince>
        </case>
        <case>
          <duration>0.0061959</duration>
          <className>Common.IntegrationTest.Persistence.UnitOfWork.NhUnitOfWorkTests</className>
          <testName>Unit_of_work_should_revert_changes_in_case_of_persistence_failure</testName>
          <skipped>false</skipped>
          <failedSince>0</failedSince>
        </case>
        <case>
          <duration>0.0091827</duration>
          <className>Common.IntegrationTest.Persistence.UnitOfWork.NhUnitOfWorkTests</className>
          <testName>Nested_unit_of_works_should_play_nicely</testName>
          <skipped>false</skipped>
          <failedSince>0</failedSince>
        </case>
        <case>
          <duration>0.0186547</duration>
          <className>Common.IntegrationTest.Persistence.UnitOfWork.NhUnitOfWorkTests</className>
          <testName>Failure_at_the_end_of_two_persistence_session_in_unit_of_work_should_revert_first</testName>
          <skipped>false</skipped>
          <failedSince>0</failedSince>
        </case>
        <case>
          <duration>0.0077207</duration>
          <className>Common.IntegrationTest.Persistence.UnitOfWork.NhUnitOfWorkTests</className>
          <testName>Intermediary_reads_within_unit_of_work_should_return_not_committed_data</testName>
          <skipped>false</skipped>
          <failedSince>0</failedSince>
        </case>
        <case>
          <duration>2.4154656</duration>
          <className>Common.IntegrationTest.Persistence.UnitOfWork.NhUnitOfWorkTests</className>
          <testName>Persisting_100_new_items_should_be_ok</testName>
          <skipped>false</skipped>
          <failedSince>0</failedSince>
        </case>
        <case>
          <duration>0.0044863</duration>
          <className>Common.IntegrationTest.Persistence.UnitOfWork.NhUnitOfWorkTests</className>
          <testName>Repository_started_before_unit_of_work_should_use_an_independent_db_connection</testName>
          <skipped>false</skipped>
          <failedSince>0</failedSince>
        </case>
        <case>
          <duration>0.02197</duration>
          <className>Common.IntegrationTest.Persistence.UnitOfWork.NhUnitOfWorkTests</className>
          <testName>Read_committed_isolation_level_should_be_honored</testName>
          <skipped>false</skipped>
          <failedSince>0</failedSince>
        </case>
        <case>
          <duration>0.0045429</duration>
          <className>Common.IntegrationTest.Persistence.UnitOfWork.NhUnitOfWorkTests</className>
          <testName>Committing_early_in_nested_unit_of_works_should_produce_invalid_operation_exception</testName>
          <skipped>false</skipped>
          <failedSince>0</failedSince>
        </case>
        <case>
          <duration>0.0189022</duration>
          <className>Common.IntegrationTest.Persistence.UnitOfWork.NhUnitOfWorkTests</className>
          <testName>Read_uncommitted_isolation_level_should_be_honored</testName>
          <skipped>false</skipped>
          <failedSince>0</failedSince>
        </case>
        <case>
          <duration>0.0171456</duration>
          <className>Common.IntegrationTest.Persistence.UnitOfWork.NhUnitOfWorkTests</className>
          <testName>Persisting_new_item_inside_unit_of_work_should_be_ok</testName>
          <skipped>false</skipped>
          <failedSince>0</failedSince>
        </case>
        <case>
          <duration>7.521E-4</duration>
          <className>Common.IntegrationTest.Persistence.UnitOfWork.NhUnitOfWorkTests</className>
          <testName>Creating_a_unit_of_work_without_a_repository_included_should_produce_invalid_operation_exception</testName>
          <skipped>false</skipped>
          <failedSince>0</failedSince>
        </case>
        <case>
          <duration>0.011887</duration>
          <className>Common.IntegrationTest.Persistence.UnitOfWork.NhUnitOfWorkTests</className>
          <testName>Forgetting_to_commit_inside_unit_of_work_should_roll_changes_back</testName>
          <skipped>false</skipped>
          <failedSince>0</failedSince>
        </case>
        <case>
          <duration>2.783855</duration>
          <className>Common.IntegrationTest.Persistence.Kafka.KafkaTest</className>
          <testName>Produce_a_message_and_consume_this_message_succesfully</testName>
          <skipped>false</skipped>
          <failedSince>0</failedSince>
        </case>
        <case>
          <duration>5.880125</duration>
          <className>Common.IntegrationTest.Persistence.Kafka.KafkaTest</className>
          <testName>Produce_two_messages_and_consume_those_messages_succesfully</testName>
          <skipped>false</skipped>
          <failedSince>0</failedSince>
        </case>
      </cases>
    </suite>
  </suites>
  <duration>31.742</duration>
  <keepLongStdio>true</keepLongStdio>
</result>